current directory: /home/runner/work/bioc-intro/bioc-intro/.vendor/bundle/ruby/2.7.0/gems/unf_ext-0.0.8/ext/unf_ext
/opt/hostedtoolcache/Ruby/2.7.5/x64/bin/ruby -I /opt/hostedtoolcache/Ruby/2.7.5/x64/lib/ruby/2.7.0 -r ./siteconf20220110-10910-r00l5j.rb extconf.rb
checking for -lstdc++... yes
creating Makefile

current directory: /home/runner/work/bioc-intro/bioc-intro/.vendor/bundle/ruby/2.7.0/gems/unf_ext-0.0.8/ext/unf_ext
make "DESTDIR=" clean
make[1]: Entering directory '/home/runner/work/bioc-intro/bioc-intro/.vendor/bundle/ruby/2.7.0/gems/unf_ext-0.0.8/ext/unf_ext'
Makefile:175: warning: overriding recipe for target 'clean'
p}¡÷3V:175: warning: ignoring old recipe for target 'clean'
Makefile:182: warning: overriding recipe for target 'distclean'
p}¡÷3V:182: warning: ignoring old recipe for target 'distclean'
Makefile:190: warning: overriding recipe for target 'install-so'
p}¡÷3V:190: warning: ignoring old recipe for target 'install-so'
Makefile:200: warning: overriding recipe for target 'pre-install-rb-default'
p}¡÷3V:200: warning: ignoring old recipe for target 'pre-install-rb-default'
Makefile:202: warning: overriding recipe for target '.sitearchdir.time'
p}¡÷3V:202: warning: ignoring old recipe for target '.sitearchdir.time'
Makefile:212: warning: overriding recipe for target '.cc.o'
p}¡÷3V:212: warning: ignoring old recipe for target '.cc.o'
Makefile:216: warning: overriding recipe for target '.cc.S'
p}¡÷3V:216: warning: ignoring old recipe for target '.cc.S'
Makefile:220: warning: overriding recipe for target '.mm.o'
p}¡÷3V:220: warning: ignoring old recipe for target '.mm.o'
Makefile:224: warning: overriding recipe for target '.mm.S'
p}¡÷3V:224: warning: ignoring old recipe for target '.mm.S'
Makefile:228: warning: overriding recipe for target '.cxx.o'
p}¡÷3V:228: warning: ignoring old recipe for target '.cxx.o'
Makefile:232: warning: overriding recipe for target '.cxx.S'
p}¡÷3V:232: warning: ignoring old recipe for target '.cxx.S'
Makefile:236: warning: overriding recipe for target '.cpp.o'
p}¡÷3V:236: warning: ignoring old recipe for target '.cpp.o'
Makefile:240: warning: overriding recipe for target '.cpp.S'
p}¡÷3V:240: warning: ignoring old recipe for target '.cpp.S'
Makefile:244: warning: overriding recipe for target '.c.o'
p}¡÷3V:244: warning: ignoring old recipe for target '.c.o'
Makefile:248: warning: overriding recipe for target '.c.S'
p}¡÷3V:248: warning: ignoring old recipe for target '.c.S'
Makefile:252: warning: overriding recipe for target '.m.o'
p}¡÷3V:252: warning: ignoring old recipe for target '.m.o'
Makefile:256: warning: overriding recipe for target '.m.S'
p}¡÷3V:256: warning: ignoring old recipe for target '.m.S'
Makefile:260: warning: overriding recipe for target 'unf_ext.so'
p}¡÷3V:260: warning: ignoring old recipe for target 'unf_ext.so'
make[1]: Leaving directory '/home/runner/work/bioc-intro/bioc-intro/.vendor/bundle/ruby/2.7.0/gems/unf_ext-0.0.8/ext/unf_ext'

current directory: /home/runner/work/bioc-intro/bioc-intro/.vendor/bundle/ruby/2.7.0/gems/unf_ext-0.0.8/ext/unf_ext
make "DESTDIR="
make[1]: Entering directory '/home/runner/work/bioc-intro/bioc-intro/.vendor/bundle/ruby/2.7.0/gems/unf_ext-0.0.8/ext/unf_ext'
Makefile:175: warning: overriding recipe for target 'clean'
pÝïwóU:175: warning: ignoring old recipe for target 'clean'
Makefile:182: warning: overriding recipe for target 'distclean'
pÝïwóU:182: warning: ignoring old recipe for target 'distclean'
Makefile:190: warning: overriding recipe for target 'install-so'
pÝïwóU:190: warning: ignoring old recipe for target 'install-so'
Makefile:200: warning: overriding recipe for target 'pre-install-rb-default'
pÝïwóU:200: warning: ignoring old recipe for target 'pre-install-rb-default'
Makefile:202: warning: overriding recipe for target '.sitearchdir.time'
pÝïwóU:202: warning: ignoring old recipe for target '.sitearchdir.time'
Makefile:212: warning: overriding recipe for target '.cc.o'
pÝïwóU:212: warning: ignoring old recipe for target '.cc.o'
Makefile:216: warning: overriding recipe for target '.cc.S'
pÝïwóU:216: warning: ignoring old recipe for target '.cc.S'
Makefile:220: warning: overriding recipe for target '.mm.o'
pÝïwóU:220: warning: ignoring old recipe for target '.mm.o'
Makefile:224: warning: overriding recipe for target '.mm.S'
pÝïwóU:224: warning: ignoring old recipe for target '.mm.S'
Makefile:228: warning: overriding recipe for target '.cxx.o'
pÝïwóU:228: warning: ignoring old recipe for target '.cxx.o'
Makefile:232: warning: overriding recipe for target '.cxx.S'
pÝïwóU:232: warning: ignoring old recipe for target '.cxx.S'
Makefile:236: warning: overriding recipe for target '.cpp.o'
pÝïwóU:236: warning: ignoring old recipe for target '.cpp.o'
Makefile:240: warning: overriding recipe for target '.cpp.S'
pÝïwóU:240: warning: ignoring old recipe for target '.cpp.S'
Makefile:244: warning: overriding recipe for target '.c.o'
pÝïwóU:244: warning: ignoring old recipe for target '.c.o'
Makefile:248: warning: overriding recipe for target '.c.S'
pÝïwóU:248: warning: ignoring old recipe for target '.c.S'
Makefile:252: warning: overriding recipe for target '.m.o'
pÝïwóU:252: warning: ignoring old recipe for target '.m.o'
Makefile:256: warning: overriding recipe for target '.m.S'
pÝïwóU:256: warning: ignoring old recipe for target '.m.S'
Makefile:260: warning: overriding recipe for target 'unf_ext.so'
pÝïwóU:260: warning: ignoring old recipe for target 'unf_ext.so'
compiling unf.cc
linking shared-object unf_ext.so
make[1]: Leaving directory '/home/runner/work/bioc-intro/bioc-intro/.vendor/bundle/ruby/2.7.0/gems/unf_ext-0.0.8/ext/unf_ext'

current directory: /home/runner/work/bioc-intro/bioc-intro/.vendor/bundle/ruby/2.7.0/gems/unf_ext-0.0.8/ext/unf_ext
make "DESTDIR=" install
make[1]: Entering directory '/home/runner/work/bioc-intro/bioc-intro/.vendor/bundle/ruby/2.7.0/gems/unf_ext-0.0.8/ext/unf_ext'
Makefile:175: warning: overriding recipe for target 'clean'
pÀú>V:175: warning: ignoring old recipe for target 'clean'
Makefile:182: warning: overriding recipe for target 'distclean'
pÀú>V:182: warning: ignoring old recipe for target 'distclean'
Makefile:190: warning: overriding recipe for target 'install-so'
pÀú>V:190: warning: ignoring old recipe for target 'install-so'
Makefile:200: warning: overriding recipe for target 'pre-install-rb-default'
pÀú>V:200: warning: ignoring old recipe for target 'pre-install-rb-default'
Makefile:202: warning: overriding recipe for target '.sitearchdir.time'
pÀú>V:202: warning: ignoring old recipe for target '.sitearchdir.time'
Makefile:212: warning: overriding recipe for target '.cc.o'
pÀú>V:212: warning: ignoring old recipe for target '.cc.o'
Makefile:216: warning: overriding recipe for target '.cc.S'
pÀú>V:216: warning: ignoring old recipe for target '.cc.S'
Makefile:220: warning: overriding recipe for target '.mm.o'
pÀú>V:220: warning: ignoring old recipe for target '.mm.o'
Makefile:224: warning: overriding recipe for target '.mm.S'
pÀú>V:224: warning: ignoring old recipe for target '.mm.S'
Makefile:228: warning: overriding recipe for target '.cxx.o'
pÀú>V:228: warning: ignoring old recipe for target '.cxx.o'
Makefile:232: warning: overriding recipe for target '.cxx.S'
pÀú>V:232: warning: ignoring old recipe for target '.cxx.S'
Makefile:236: warning: overriding recipe for target '.cpp.o'
pÀú>V:236: warning: ignoring old recipe for target '.cpp.o'
Makefile:240: warning: overriding recipe for target '.cpp.S'
pÀú>V:240: warning: ignoring old recipe for target '.cpp.S'
Makefile:244: warning: overriding recipe for target '.c.o'
pÀú>V:244: warning: ignoring old recipe for target '.c.o'
Makefile:248: warning: overriding recipe for target '.c.S'
pÀú>V:248: warning: ignoring old recipe for target '.c.S'
Makefile:252: warning: overriding recipe for target '.m.o'
pÀú>V:252: warning: ignoring old recipe for target '.m.o'
Makefile:256: warning: overriding recipe for target '.m.S'
pÀú>V:256: warning: ignoring old recipe for target '.m.S'
Makefile:260: warning: overriding recipe for target 'unf_ext.so'
pÀú>V:260: warning: ignoring old recipe for target 'unf_ext.so'
/usr/bin/install -c -m 0755 unf_ext.so ./.gem.20220110-10910-e968y1
make[1]: Leaving directory '/home/runner/work/bioc-intro/bioc-intro/.vendor/bundle/ruby/2.7.0/gems/unf_ext-0.0.8/ext/unf_ext'
