current directory: /home/runner/work/bioc-intro/bioc-intro/.vendor/bundle/ruby/2.7.0/gems/commonmarker-0.23.6/ext/commonmarker
/opt/hostedtoolcache/Ruby/2.7.6/x64/bin/ruby -I /opt/hostedtoolcache/Ruby/2.7.6/x64/lib/ruby/2.7.0 -r ./siteconf20221013-13008-r2cm04.rb extconf.rb
creating Makefile

current directory: /home/runner/work/bioc-intro/bioc-intro/.vendor/bundle/ruby/2.7.0/gems/commonmarker-0.23.6/ext/commonmarker
make "DESTDIR=" clean
make[1]: Entering directory '/home/runner/work/bioc-intro/bioc-intro/.vendor/bundle/ruby/2.7.0/gems/commonmarker-0.23.6/ext/commonmarker'
Makefile:175: warning: overriding recipe for target 'clean'
€°ÜqU:175: warning: ignoring old recipe for target 'clean'
Makefile:182: warning: overriding recipe for target 'distclean'
€°ÜqU:182: warning: ignoring old recipe for target 'distclean'
Makefile:190: warning: overriding recipe for target 'install-so'
€°ÜqU:190: warning: ignoring old recipe for target 'install-so'
Makefile:200: warning: overriding recipe for target 'pre-install-rb-default'
€°ÜqU:200: warning: ignoring old recipe for target 'pre-install-rb-default'
Makefile:202: warning: overriding recipe for target '.sitearchdir.-.commonmarker.time'
€°ÜqU:202: warning: ignoring old recipe for target '.sitearchdir.-.commonmarker.time'
Makefile:212: warning: overriding recipe for target '.cc.o'
€°ÜqU:212: warning: ignoring old recipe for target '.cc.o'
Makefile:216: warning: overriding recipe for target '.cc.S'
€°ÜqU:216: warning: ignoring old recipe for target '.cc.S'
Makefile:220: warning: overriding recipe for target '.mm.o'
€°ÜqU:220: warning: ignoring old recipe for target '.mm.o'
Makefile:224: warning: overriding recipe for target '.mm.S'
€°ÜqU:224: warning: ignoring old recipe for target '.mm.S'
Makefile:228: warning: overriding recipe for target '.cxx.o'
€°ÜqU:228: warning: ignoring old recipe for target '.cxx.o'
Makefile:232: warning: overriding recipe for target '.cxx.S'
€°ÜqU:232: warning: ignoring old recipe for target '.cxx.S'
Makefile:236: warning: overriding recipe for target '.cpp.o'
€°ÜqU:236: warning: ignoring old recipe for target '.cpp.o'
Makefile:240: warning: overriding recipe for target '.cpp.S'
€°ÜqU:240: warning: ignoring old recipe for target '.cpp.S'
Makefile:244: warning: overriding recipe for target '.c.o'
€°ÜqU:244: warning: ignoring old recipe for target '.c.o'
Makefile:248: warning: overriding recipe for target '.c.S'
€°ÜqU:248: warning: ignoring old recipe for target '.c.S'
Makefile:252: warning: overriding recipe for target '.m.o'
€°ÜqU:252: warning: ignoring old recipe for target '.m.o'
Makefile:256: warning: overriding recipe for target '.m.S'
€°ÜqU:256: warning: ignoring old recipe for target '.m.S'
Makefile:260: warning: overriding recipe for target 'commonmarker.so'
€°ÜqU:260: warning: ignoring old recipe for target 'commonmarker.so'
make[1]: Leaving directory '/home/runner/work/bioc-intro/bioc-intro/.vendor/bundle/ruby/2.7.0/gems/commonmarker-0.23.6/ext/commonmarker'

current directory: /home/runner/work/bioc-intro/bioc-intro/.vendor/bundle/ruby/2.7.0/gems/commonmarker-0.23.6/ext/commonmarker
make "DESTDIR="
make[1]: Entering directory '/home/runner/work/bioc-intro/bioc-intro/.vendor/bundle/ruby/2.7.0/gems/commonmarker-0.23.6/ext/commonmarker'
Makefile:175: warning: overriding recipe for target 'clean'
€ğÃ‹§U:175: warning: ignoring old recipe for target 'clean'
Makefile:182: warning: overriding recipe for target 'distclean'
€ğÃ‹§U:182: warning: ignoring old recipe for target 'distclean'
Makefile:190: warning: overriding recipe for target 'install-so'
€ğÃ‹§U:190: warning: ignoring old recipe for target 'install-so'
Makefile:200: warning: overriding recipe for target 'pre-install-rb-default'
€ğÃ‹§U:200: warning: ignoring old recipe for target 'pre-install-rb-default'
Makefile:202: warning: overriding recipe for target '.sitearchdir.-.commonmarker.time'
€ğÃ‹§U:202: warning: ignoring old recipe for target '.sitearchdir.-.commonmarker.time'
Makefile:212: warning: overriding recipe for target '.cc.o'
€ğÃ‹§U:212: warning: ignoring old recipe for target '.cc.o'
Makefile:216: warning: overriding recipe for target '.cc.S'
€ğÃ‹§U:216: warning: ignoring old recipe for target '.cc.S'
Makefile:220: warning: overriding recipe for target '.mm.o'
€ğÃ‹§U:220: warning: ignoring old recipe for target '.mm.o'
Makefile:224: warning: overriding recipe for target '.mm.S'
€ğÃ‹§U:224: warning: ignoring old recipe for target '.mm.S'
Makefile:228: warning: overriding recipe for target '.cxx.o'
€ğÃ‹§U:228: warning: ignoring old recipe for target '.cxx.o'
Makefile:232: warning: overriding recipe for target '.cxx.S'
€ğÃ‹§U:232: warning: ignoring old recipe for target '.cxx.S'
Makefile:236: warning: overriding recipe for target '.cpp.o'
€ğÃ‹§U:236: warning: ignoring old recipe for target '.cpp.o'
Makefile:240: warning: overriding recipe for target '.cpp.S'
€ğÃ‹§U:240: warning: ignoring old recipe for target '.cpp.S'
Makefile:244: warning: overriding recipe for target '.c.o'
€ğÃ‹§U:244: warning: ignoring old recipe for target '.c.o'
Makefile:248: warning: overriding recipe for target '.c.S'
€ğÃ‹§U:248: warning: ignoring old recipe for target '.c.S'
Makefile:252: warning: overriding recipe for target '.m.o'
€ğÃ‹§U:252: warning: ignoring old recipe for target '.m.o'
Makefile:256: warning: overriding recipe for target '.m.S'
€ğÃ‹§U:256: warning: ignoring old recipe for target '.m.S'
Makefile:260: warning: overriding recipe for target 'commonmarker.so'
€ğÃ‹§U:260: warning: ignoring old recipe for target 'commonmarker.so'
compiling arena.c
compiling autolink.c
compiling blocks.c
compiling buffer.c
compiling cmark.c
compiling cmark_ctype.c
compiling commonmark.c
compiling commonmarker.c
In file included from houdini.h:9,
                 from commonmarker.c:3:
config.h:8: warning: "HAVE_STDBOOL_H" redefined
    8 | #define HAVE_STDBOOL_H
      | 
In file included from /opt/hostedtoolcache/Ruby/2.7.6/x64/include/ruby-2.7.0/ruby/ruby.h:24,
                 from /opt/hostedtoolcache/Ruby/2.7.6/x64/include/ruby-2.7.0/ruby.h:33,
                 from commonmarker.h:9,
                 from commonmarker.c:1:
/opt/hostedtoolcache/Ruby/2.7.6/x64/include/ruby-2.7.0/x86_64-linux/ruby/config.h:26: note: this is the location of the previous definition
   26 | #define HAVE_STDBOOL_H 1
      | 
compiling core-extensions.c
compiling ext_scanners.c
compiling footnotes.c
compiling houdini_href_e.c
compiling houdini_html_e.c
compiling houdini_html_u.c
compiling html.c
compiling inlines.c
compiling iterator.c
compiling latex.c
compiling linked_list.c
compiling man.c
compiling map.c
compiling node.c
compiling plaintext.c
compiling plugin.c
compiling references.c
compiling registry.c
compiling render.c
compiling scanners.c
compiling strikethrough.c
compiling syntax_extension.c
compiling table.c
compiling tagfilter.c
compiling tasklist.c
compiling utf8.c
compiling xml.c
linking shared-object commonmarker/commonmarker.so
make[1]: Leaving directory '/home/runner/work/bioc-intro/bioc-intro/.vendor/bundle/ruby/2.7.0/gems/commonmarker-0.23.6/ext/commonmarker'

current directory: /home/runner/work/bioc-intro/bioc-intro/.vendor/bundle/ruby/2.7.0/gems/commonmarker-0.23.6/ext/commonmarker
make "DESTDIR=" install
make[1]: Entering directory '/home/runner/work/bioc-intro/bioc-intro/.vendor/bundle/ruby/2.7.0/gems/commonmarker-0.23.6/ext/commonmarker'
Makefile:175: warning: overriding recipe for target 'clean'
€ğÜLU:175: warning: ignoring old recipe for target 'clean'
Makefile:182: warning: overriding recipe for target 'distclean'
€ğÜLU:182: warning: ignoring old recipe for target 'distclean'
Makefile:190: warning: overriding recipe for target 'install-so'
€ğÜLU:190: warning: ignoring old recipe for target 'install-so'
Makefile:200: warning: overriding recipe for target 'pre-install-rb-default'
€ğÜLU:200: warning: ignoring old recipe for target 'pre-install-rb-default'
Makefile:202: warning: overriding recipe for target '.sitearchdir.-.commonmarker.time'
€ğÜLU:202: warning: ignoring old recipe for target '.sitearchdir.-.commonmarker.time'
Makefile:212: warning: overriding recipe for target '.cc.o'
€ğÜLU:212: warning: ignoring old recipe for target '.cc.o'
Makefile:216: warning: overriding recipe for target '.cc.S'
€ğÜLU:216: warning: ignoring old recipe for target '.cc.S'
Makefile:220: warning: overriding recipe for target '.mm.o'
€ğÜLU:220: warning: ignoring old recipe for target '.mm.o'
Makefile:224: warning: overriding recipe for target '.mm.S'
€ğÜLU:224: warning: ignoring old recipe for target '.mm.S'
Makefile:228: warning: overriding recipe for target '.cxx.o'
€ğÜLU:228: warning: ignoring old recipe for target '.cxx.o'
Makefile:232: warning: overriding recipe for target '.cxx.S'
€ğÜLU:232: warning: ignoring old recipe for target '.cxx.S'
Makefile:236: warning: overriding recipe for target '.cpp.o'
€ğÜLU:236: warning: ignoring old recipe for target '.cpp.o'
Makefile:240: warning: overriding recipe for target '.cpp.S'
€ğÜLU:240: warning: ignoring old recipe for target '.cpp.S'
Makefile:244: warning: overriding recipe for target '.c.o'
€ğÜLU:244: warning: ignoring old recipe for target '.c.o'
Makefile:248: warning: overriding recipe for target '.c.S'
€ğÜLU:248: warning: ignoring old recipe for target '.c.S'
Makefile:252: warning: overriding recipe for target '.m.o'
€ğÜLU:252: warning: ignoring old recipe for target '.m.o'
Makefile:256: warning: overriding recipe for target '.m.S'
€ğÜLU:256: warning: ignoring old recipe for target '.m.S'
Makefile:260: warning: overriding recipe for target 'commonmarker.so'
€ğÜLU:260: warning: ignoring old recipe for target 'commonmarker.so'
/usr/bin/install -c -m 0755 commonmarker.so ./.gem.20221013-13008-1280g0v/commonmarker
make[1]: Leaving directory '/home/runner/work/bioc-intro/bioc-intro/.vendor/bundle/ruby/2.7.0/gems/commonmarker-0.23.6/ext/commonmarker'
